Arguments: 
  C:\Program Files\nodejs\node.exe C:\Users\febrianto\.node\corepack\yarn\1.22.15\bin\yarn.js add imagemin imagemin-jpegtran imagemin-optipng imagemin-gifscale imagemin-svgo imagemin-webp

PATH: 
  C:\Users\febrianto\bin;C:\Program Files\Git\mingw64\bin;C:\Program Files\Git\usr\local\bin;C:\Program Files\Git\usr\bin;C:\Program Files\Git\usr\bin;C:\Program Files\Git\mingw64\bin;C:\Program Files\Git\usr\bin;C:\Users\febrianto\bin;C:\Program Files (x86)\Common Files\Oracle\Java\javapath;C:\ProgramData\Oracle\Java\javapath;C:\Program Files (x86)\Common Files\Intel\Shared Files\cpp\bin\Intel64;C:\Program Files (x86)\Common Files\Intel\Shared Libraries\redist\intel64\compiler;C:\Program Files\Common Files\Microsoft Shared\Windows Live;C:\Program Files (x86)\Common Files\Microsoft Shared\Windows Live;C:\WINDOWS\system32;C:\WINDOWS;C:\WINDOWS\System32\Wbem;C:\WINDOWS\System32\WindowsPowerShell\v1.0;C:\Program Files (x86)\Windows Live\Shared;C:\WINDOWS\System32\OpenSSH;C:\Program Files\Git\cmd;C:\Program Files\nodejs;C:\Program Files\MongoDB\Server\5.0\bin;C:\xampp\php;C:\ProgramData\ComposerSetup\bin;C:\Program Files\dart-sass;C:\xampp\mysql\bin;C:\Program Files\PuTTY;C:\Users\febrianto\AppData\Local\Programs\Python\Python310\Scripts;C:\Users\febrianto\AppData\Local\Programs\Python\Python310;C:\Program Files\MySQL\MySQL Shell 8.0\bin;C:\Users\febrianto\AppData\Local\Programs\Microsoft VS Code\bin;C:\Users\febrianto\AppData\Local\Microsoft\WindowsApps;C:\Users\febrianto\AppData\Roaming\npm;C:\Users\febrianto\AppData\Roaming\Composer\vendor\bin;C:\xampp\php;C:\ProgramData\ComposerSetup\bin;C:\Program Files\JetBrains\PyCharm 2021.3.3\bin;C:\Program Files\heroku\bin;C:\Program Files\Git\usr\bin\vendor_perl;C:\Program Files\Git\usr\bin\core_perl

Yarn version: 
  1.22.15

Node version: 
  16.13.1

Platform: 
  win32 x64

Trace: 
  Error: https://registry.yarnpkg.com/imagemin-gifscale: Not found
      at Request.params.callback [as _callback] (C:\Users\febrianto\.node\corepack\yarn\1.22.15\lib\cli.js:66140:18)
      at Request.self.callback (C:\Users\febrianto\.node\corepack\yarn\1.22.15\lib\cli.js:140885:22)
      at Request.emit (node:events:390:28)
      at Request.<anonymous> (C:\Users\febrianto\.node\corepack\yarn\1.22.15\lib\cli.js:141857:10)
      at Request.emit (node:events:390:28)
      at IncomingMessage.<anonymous> (C:\Users\febrianto\.node\corepack\yarn\1.22.15\lib\cli.js:141779:12)
      at Object.onceWrapper (node:events:509:28)
      at IncomingMessage.emit (node:events:402:35)
      at endReadableNT (node:internal/streams/readable:1343:12)
      at processTicksAndRejections (node:internal/process/task_queues:83:21)

npm manifest: 
  {
    "name": "generator-image-compression",
    "version": "1.0.0",
    "description": "",
    "main": "index.js",
    "scripts": {
      "test": "echo \"Error: no test specified\" && exit 1"
    },
    "keywords": [],
    "author": "",
    "license": "ISC"
  }

yarn manifest: 
  No manifest

Lockfile: 
  No lockfile
